<?xml version="1.0" encoding="UTF-8"?>
<!-- Generated by org.testng.reporters.JUnitReportReporter -->
<testsuite hostname="LAPTOP-ILLNRTUL" failures="0" tests="1" name="TestCases.GroupTest" time="8.688" errors="0" timestamp="2022-06-12T10:16:35 IST" skipped="0">
  <testcase classname="TestCases.GroupTest" name="verifyLogoTest" time="8.688"/>
  <system-out/>
</testsuite> <!-- TestCases.GroupTest -->
