<?xml version="1.0" encoding="UTF-8"?>
<!-- Generated by org.testng.reporters.JUnitReportReporter -->
<testsuite hostname="LAPTOP-ILLNRTUL" failures="0" tests="3" name="TestCases.LoginPageTest" time="0.155" errors="0" timestamp="2022-06-24T16:18:52 IST" skipped="0">
  <testcase classname="TestCases.LoginPageTest" name="verifyLogoTest" time="0.056"/>
  <system-out/>
  <testcase classname="TestCases.LoginPageTest" name="verifyTitleTest" time="0.013"/>
  <system-out/>
  <testcase classname="TestCases.LoginPageTest" name="verifyLoginBtnTest" time="0.086"/>
  <system-out/>
</testsuite> <!-- TestCases.LoginPageTest -->
